<?xml version="1.0" encoding="UTF-8"?>
<robot generator="Robot 6.1.1 (Python 3.12.0 on win32)" generated="20231205 20:46:43.243" rpa="false" schemaversion="4">
<suite id="s1" name="Search" source="C:\Users\SPE-JOGJA\Documents\Nelly Amalia\MobileAutomation-RobotFramework\suites\search.robot">
<test id="s1-t1" name="Success Search Flight Number" line="8">
<kw name="Success Login with Valid Credential" library="loginPage" type="SETUP">
<kw name="Open Flight Application" library="base">
<kw name="Open Application" library="AppiumLibrary">
<arg>remote_url=${REMORT_URL}</arg>
<arg>platformName=${PLATFORM_NAME}</arg>
<arg>platformVersion=${PLATFORM_VERSION}</arg>
<arg>deviceName=${DEVICE_NAME}</arg>
<arg>appPackage=${APP_PACKAGE}</arg>
<arg>appActivity=${APP_ACTIVITY}</arg>
<doc>Opens a new application to given Appium server.
Capabilities of appium server, Android and iOS,
Please check https://github.com/appium/appium/blob/master/docs/en/writing-running-appium/server-args.md
| *Option*            | *Man.* | *Description*     |
| remote_url          | Yes    | Appium server url |
| alias               | no     | alias             |
| strict_ssl          | No     | allows you to send commands to an invalid certificate host like a self-signed one. |</doc>
<status status="PASS" starttime="20231205 20:46:43.674" endtime="20231205 20:46:51.602"/>
</kw>
<status status="PASS" starttime="20231205 20:46:43.673" endtime="20231205 20:46:51.602"/>
</kw>
<kw name="Click Sign In Button On Home Page" library="homePage">
<kw name="Click Element" library="AppiumLibrary">
<arg>${login}</arg>
<doc>Click element identified by `locator`.</doc>
<msg timestamp="20231205 20:46:51.606" level="INFO">Clicking element '//*[@resource-id="com.example.myapplication:id/login"]'.</msg>
<msg timestamp="20231205 20:46:52.512" level="INFO">xpath criteria: //*[@resource-id="com.example.myapplication:id/login"]</msg>
<status status="PASS" starttime="20231205 20:46:51.603" endtime="20231205 20:46:52.512"/>
</kw>
<status status="PASS" starttime="20231205 20:46:51.602" endtime="20231205 20:46:52.512"/>
</kw>
<kw name="Input Username On Login Page" library="loginPage">
<arg>${VALID_USERNAME}</arg>
<kw name="Wait Until Element Is Visible" library="AppiumLibrary">
<arg>${username-input}</arg>
<doc>Waits until element specified with `locator` is visible.</doc>
<msg timestamp="20231205 20:46:53.366" level="INFO">xpath criteria: //*[@resource-id="com.example.myapplication:id/username"]
xpath criteria: //*[@resource-id="com.example.myapplication:id/username"]</msg>
<status status="PASS" starttime="20231205 20:46:52.513" endtime="20231205 20:46:53.366"/>
</kw>
<kw name="Input Text" library="AppiumLibrary">
<arg>${username-input}</arg>
<arg>${username}</arg>
<doc>Types the given `text` into text field identified by `locator`.</doc>
<msg timestamp="20231205 20:46:53.368" level="INFO">Typing text 'support@ngendigital.com' into text field '//*[@resource-id="com.example.myapplication:id/username"]'</msg>
<msg timestamp="20231205 20:46:53.486" level="INFO">xpath criteria: //*[@resource-id="com.example.myapplication:id/username"]</msg>
<status status="PASS" starttime="20231205 20:46:53.366" endtime="20231205 20:46:53.486"/>
</kw>
<status status="PASS" starttime="20231205 20:46:52.513" endtime="20231205 20:46:53.486"/>
</kw>
<kw name="Input Password On Login Page" library="loginPage">
<arg>${VALID_PASSWORD}</arg>
<kw name="Wait Until Element Is Visible" library="AppiumLibrary">
<arg>${password-input}</arg>
<doc>Waits until element specified with `locator` is visible.</doc>
<msg timestamp="20231205 20:46:54.032" level="INFO">xpath criteria: //*[@resource-id="com.example.myapplication:id/password"]</msg>
<status status="PASS" starttime="20231205 20:46:53.487" endtime="20231205 20:46:54.032"/>
</kw>
<kw name="Input Text" library="AppiumLibrary">
<arg>${password-input}</arg>
<arg>${password}</arg>
<doc>Types the given `text` into text field identified by `locator`.</doc>
<msg timestamp="20231205 20:46:54.034" level="INFO">Typing text 'abc123' into text field '//*[@resource-id="com.example.myapplication:id/password"]'</msg>
<msg timestamp="20231205 20:46:54.112" level="INFO">xpath criteria: //*[@resource-id="com.example.myapplication:id/password"]</msg>
<status status="PASS" starttime="20231205 20:46:54.032" endtime="20231205 20:46:54.112"/>
</kw>
<status status="PASS" starttime="20231205 20:46:53.486" endtime="20231205 20:46:54.112"/>
</kw>
<kw name="Click Sign In Button On Login Page" library="loginPage">
<kw name="Click Element" library="AppiumLibrary">
<arg>${sign-in-button}</arg>
<doc>Click element identified by `locator`.</doc>
<msg timestamp="20231205 20:46:54.114" level="INFO">Clicking element '//*[@resource-id="com.example.myapplication:id/signIn"]'.</msg>
<msg timestamp="20231205 20:46:54.663" level="INFO">xpath criteria: //*[@resource-id="com.example.myapplication:id/signIn"]</msg>
<status status="PASS" starttime="20231205 20:46:54.112" endtime="20231205 20:46:54.663"/>
</kw>
<status status="PASS" starttime="20231205 20:46:54.112" endtime="20231205 20:46:54.664"/>
</kw>
<status status="PASS" starttime="20231205 20:46:43.673" endtime="20231205 20:46:54.664"/>
</kw>
<kw name="Click Menu Search Button On Home Page" library="searchPage">
<kw name="Wait Until Element Is Visible" library="AppiumLibrary">
<arg>${menu-search}</arg>
<doc>Waits until element specified with `locator` is visible.</doc>
<msg timestamp="20231205 20:46:55.368" level="INFO">xpath criteria: //android.widget.Button[@resource-id="com.example.myapplication:id/search_flight"]
xpath criteria: //android.widget.Button[@resource-id="com.example.myapplication:id/search_flight"]</msg>
<status status="PASS" starttime="20231205 20:46:54.664" endtime="20231205 20:46:55.368"/>
</kw>
<kw name="Click Element" library="AppiumLibrary">
<arg>${menu-search}</arg>
<doc>Click element identified by `locator`.</doc>
<msg timestamp="20231205 20:46:55.370" level="INFO">Clicking element '//android.widget.Button[@resource-id="com.example.myapplication:id/search_flight"]'.</msg>
<msg timestamp="20231205 20:46:55.464" level="INFO">xpath criteria: //android.widget.Button[@resource-id="com.example.myapplication:id/search_flight"]</msg>
<status status="PASS" starttime="20231205 20:46:55.368" endtime="20231205 20:46:55.465"/>
</kw>
<status status="PASS" starttime="20231205 20:46:54.664" endtime="20231205 20:46:55.465"/>
</kw>
<kw name="Input Flight Number On Search Page" library="searchPage">
<kw name="Wait Until Element Is Visible" library="AppiumLibrary">
<arg>${flight-number}</arg>
<doc>Waits until element specified with `locator` is visible.</doc>
<msg timestamp="20231205 20:46:56.503" level="INFO">xpath criteria: //android.widget.EditText[@resource-id="com.example.myapplication:id/flight_number"]
xpath criteria: //android.widget.EditText[@resource-id="com.example.myapplication:id/flight_number"]</msg>
<status status="PASS" starttime="20231205 20:46:55.466" endtime="20231205 20:46:56.503"/>
</kw>
<kw name="Input Text" library="AppiumLibrary">
<arg>${flight-number}</arg>
<arg>${FLIGHT_NUMBER}</arg>
<doc>Types the given `text` into text field identified by `locator`.</doc>
<msg timestamp="20231205 20:46:56.505" level="INFO">Typing text 'DA935' into text field '//android.widget.EditText[@resource-id="com.example.myapplication:id/flight_number"]'</msg>
<msg timestamp="20231205 20:46:56.599" level="INFO">xpath criteria: //android.widget.EditText[@resource-id="com.example.myapplication:id/flight_number"]</msg>
<status status="PASS" starttime="20231205 20:46:56.504" endtime="20231205 20:46:56.599"/>
</kw>
<status status="PASS" starttime="20231205 20:46:55.466" endtime="20231205 20:46:56.599"/>
</kw>
<kw name="Click Search Button On Search Page" library="searchPage">
<kw name="Wait Until Element Is Visible" library="AppiumLibrary">
<arg>${search-button}</arg>
<doc>Waits until element specified with `locator` is visible.</doc>
<msg timestamp="20231205 20:46:57.145" level="INFO">xpath criteria: //android.widget.Button[@resource-id="com.example.myapplication:id/searchFlight"]</msg>
<status status="PASS" starttime="20231205 20:46:56.600" endtime="20231205 20:46:57.145"/>
</kw>
<kw name="Click Element" library="AppiumLibrary">
<arg>${search-button}</arg>
<doc>Click element identified by `locator`.</doc>
<msg timestamp="20231205 20:46:57.146" level="INFO">Clicking element '//android.widget.Button[@resource-id="com.example.myapplication:id/searchFlight"]'.</msg>
<msg timestamp="20231205 20:46:57.252" level="INFO">xpath criteria: //android.widget.Button[@resource-id="com.example.myapplication:id/searchFlight"]</msg>
<status status="PASS" starttime="20231205 20:46:57.145" endtime="20231205 20:46:57.253"/>
</kw>
<status status="PASS" starttime="20231205 20:46:56.599" endtime="20231205 20:46:57.253"/>
</kw>
<kw name="Should Contain Text On Search Page" library="searchPage">
<kw name="Wait Until Element Is Visible" library="AppiumLibrary">
<arg>${verify-search}</arg>
<doc>Waits until element specified with `locator` is visible.</doc>
<msg timestamp="20231205 20:46:58.060" level="INFO">xpath criteria: //android.widget.TextView[@text="DA 935"]
xpath criteria: //android.widget.TextView[@text="DA 935"]</msg>
<status status="PASS" starttime="20231205 20:46:57.254" endtime="20231205 20:46:58.060"/>
</kw>
<kw name="Element Should Contain Text" library="AppiumLibrary">
<arg>${verify-search}</arg>
<arg>DA 935</arg>
<doc>Verifies element identified by ``locator`` contains text ``expected``.</doc>
<msg timestamp="20231205 20:46:58.061" level="INFO">Verifying element '//android.widget.TextView[@text="DA 935"]' contains text 'DA 935'.</msg>
<msg timestamp="20231205 20:46:58.151" level="INFO">xpath criteria: //android.widget.TextView[@text="DA 935"]</msg>
<status status="PASS" starttime="20231205 20:46:58.060" endtime="20231205 20:46:58.151"/>
</kw>
<status status="PASS" starttime="20231205 20:46:57.253" endtime="20231205 20:46:58.151"/>
</kw>
<kw name="Close Flight Application" library="base" type="TEARDOWN">
<kw name="Close Application" library="AppiumLibrary">
<doc>Closes the current application and also close webdriver session.</doc>
<status status="PASS" starttime="20231205 20:46:58.167" endtime="20231205 20:46:59.037"/>
</kw>
<status status="PASS" starttime="20231205 20:46:58.167" endtime="20231205 20:46:59.037"/>
</kw>
<status status="PASS" starttime="20231205 20:46:43.673" endtime="20231205 20:46:59.043"/>
</test>
<status status="PASS" starttime="20231205 20:46:43.244" endtime="20231205 20:46:59.054"/>
</suite>
<statistics>
<total>
<stat pass="1" fail="0" skip="0">All Tests</stat>
</total>
<tag>
</tag>
<suite>
<stat pass="1" fail="0" skip="0" id="s1" name="Search">Search</stat>
</suite>
</statistics>
<errors>
</errors>
</robot>
